<?xml version="1.0" encoding="UTF-8"?>
<!-- Generated by org.testng.reporters.JUnitXMLReporter -->
<testsuite hostname="DESKTOP-PQILN7A" ignored="1" name="Default test" tests="1" failures="0" timestamp="21 Jun 2018 09:13:07 GMT" time="1.214" errors="0">
  <testcase name="testRandomSelectOption" time="0.818" classname="tests.TestdJobSearch"/>
  <testcase name="testRandomselect" time="0.0" classname="tests.TestdJobSearch">
    <ignored/>
  </testcase> <!-- testRandomselect -->
</testsuite> <!-- Default test -->
